<?xml version="1.0" encoding="UTF-8"?>
<!-- Generated by org.testng.reporters.JUnitReportReporter -->
<testsuite hostname="Murthy" failures="0" tests="1" name="Demo.Sample" time="0.011" errors="0" timestamp="2023-01-14T17:24:03 IST" skipped="0">
  <testcase classname="Demo.Sample" name="sampleTest" time="0.011"/>
  <system-out/>
</testsuite> <!-- Demo.Sample -->
